[28-Feb-2025 00:12:04 Europe/Berlin] Received input: {"id":"11","type":"status","value":"onleave"}
[28-Feb-2025 00:12:04 Europe/Berlin] Updating employee 11 status to onleave
[28-Feb-2025 00:12:04 Europe/Berlin] Executing query: UPDATE employees SET status = 'onleave' WHERE emp_id = '11'
[28-Feb-2025 00:12:07 Europe/Berlin] Received input: {"id":"10","type":"status","value":"active"}
[28-Feb-2025 00:12:07 Europe/Berlin] Updating employee 10 status to active
[28-Feb-2025 00:12:07 Europe/Berlin] Executing query: UPDATE employees SET status = 'active' WHERE emp_id = '10'
[28-Feb-2025 03:09:34 Europe/Berlin] Received input: {"id":"13","type":"status","value":"inactive"}
[28-Feb-2025 03:09:34 Europe/Berlin] Updating employee 13 status to inactive
[28-Feb-2025 03:09:34 Europe/Berlin] Executing query: UPDATE employees SET status = 'inactive' WHERE emp_id = '13'
[28-Feb-2025 03:48:12 Europe/Berlin] Received input: {"id":"16","type":"status","value":"active"}
[28-Feb-2025 03:48:12 Europe/Berlin] Updating employee 16 status to active
[28-Feb-2025 03:48:12 Europe/Berlin] Executing query: UPDATE employees SET status = 'active' WHERE emp_id = '16'
[28-Feb-2025 03:48:14 Europe/Berlin] Received input: {"id":"16","type":"status","value":"inactive"}
[28-Feb-2025 03:48:14 Europe/Berlin] Updating employee 16 status to inactive
[28-Feb-2025 03:48:14 Europe/Berlin] Executing query: UPDATE employees SET status = 'inactive' WHERE emp_id = '16'
[28-Feb-2025 05:33:27 Europe/Berlin] Received input: {"id":"16","type":"status","value":"onleave"}
[28-Feb-2025 05:33:27 Europe/Berlin] Updating employee 16 status to onleave
[28-Feb-2025 05:33:27 Europe/Berlin] Executing query: UPDATE employees SET status = 'onleave' WHERE emp_id = '16'
[28-Feb-2025 06:54:16 Europe/Berlin] Received input: {"id":"14","type":"status","value":"inactive"}
[28-Feb-2025 06:54:16 Europe/Berlin] Updating employee 14 status to inactive
[28-Feb-2025 06:54:16 Europe/Berlin] Executing query: UPDATE employees SET status = 'inactive' WHERE emp_id = '14'
